<?xml version="1.0" encoding="UTF-8"?>
<!-- Generated by org.testng.reporters.JUnitReportReporter -->
<testsuite hostname="DESKTOP-HLTPCGM" failures="0" tests="1" name="cucumberOptions.TestNGRunner" time="9.739" errors="0" timestamp="2024-03-11T11:44:17 IST" skipped="0">
  <testcase classname="cucumberOptions.TestNGRunner" name="runScenario" time="9.739"/>
</testsuite> <!-- cucumberOptions.TestNGRunner -->
